51107:2000
51107:2001
51107:2002
51107:2003
51107:2004
51107:2005
51107:2006
51107:2007
51107:2008
51107:2009
51107:2010
51107:2011
51107:2012
51107:2013
51107:2014
51107:2015
51107:2016
51107:2017
51107:2018
51107:2019
51107:2020
51107:2021
51107:2022
51107:2023
51107:2024
F0803:2000
F0803:2001
F0803:2002
F0803:2003
F0803:2004
F0803:2005
F0803:2006
F0803:2007
F0803:2008
F0803:2009
F0803:2010
F0803:2011
F0803:2012
F0803:2013
F0803:2014
F0803:2015
F0803:2016
F0803:2017
F0803:2018
F0803:2019
F0803:2020
F0803:2021
F0803:2022
F0803:2023
F0803:2024
2048:2000
2048:2001
2048:2002
2048:2003
2048:2004
2048:2005
2048:2006
2048:2007
2048:2008
2048:2009
2048:2010
2048:2011
2048:2012
2048:2013
2048:2014
2048:2015
2048:2016
2048:2017
2048:2018
2048:2019
2048:2020
2048:2021
2048:2022
2048:2023
2048:2024
45118:2000
45118:2001
45118:2002
45118:2003
45118:2004
45118:2005
45118:2006
45118:2007
45118:2008
45118:2009
45118:2010
45118:2011
45118:2012
45118:2013
45118:2014
45118:2015
45118:2016
45118:2017
45118:2018
45118:2019
45118:2020
45118:2021
45118:2022
45118:2023
45118:2024
52204:2000
52204:2001
52204:2002
52204:2003
52204:2004
52204:2005
52204:2006
52204:2007
52204:2008
52204:2009
52204:2010
52204:2011
52204:2012
52204:2013
52204:2014
52204:2015
52204:2016
52204:2017
52204:2018
52204:2019
52204:2020
52204:2021
52204:2022
52204:2023
52204:2024
4101:2000
4101:2001
4101:2002
4101:2003
4101:2004
4101:2005
4101:2006
4101:2007
4101:2008
4101:2009
4101:2010
4101:2011
4101:2012
4101:2013
4101:2014
4101:2015
4101:2016
4101:2017
4101:2018
4101:2019
4101:2020
4101:2021
4101:2022
4101:2023
4101:2024
F3606:2000
F3606:2001
F3606:2002
F3606:2003
F3606:2004
F3606:2005
F3606:2006
F3606:2007
F3606:2008
F3606:2009
F3606:2010
F3606:2011
F3606:2012
F3606:2013
F3606:2014
F3606:2015
F3606:2016
F3606:2017
F3606:2018
F3606:2019
F3606:2020
F3606:2021
F3606:2022
F3606:2023
F3606:2024
F1301:2000
F1301:2001
F1301:2002
F1301:2003
F1301:2004
F1301:2005
F1301:2006
F1301:2007
F1301:2008
F1301:2009
F1301:2010
F1301:2011
F1301:2012
F1301:2013
F1301:2014
F1301:2015
F1301:2016
F1301:2017
F1301:2018
F1301:2019
F1301:2020
F1301:2021
F1301:2022
F1301:2023
F1301:2024
2038:2000
2038:2001
2038:2002
2038:2003
2038:2004
2038:2005
2038:2006
2038:2007
2038:2008
2038:2009
2038:2010
2038:2011
2038:2012
2038:2013
2038:2014
2038:2015
2038:2016
2038:2017
2038:2018
2038:2019
2038:2020
2038:2021
2038:2022
2038:2023
2038:2024
F1306:2000
F1306:2001
F1306:2002
F1306:2003
F1306:2004
F1306:2005
F1306:2006
F1306:2007
F1306:2008
F1306:2009
F1306:2010
F1306:2011
F1306:2012
F1306:2013
F1306:2014
F1306:2015
F1306:2016
F1306:2017
F1306:2018
F1306:2019
F1306:2020
F1306:2021
F1306:2022
F1306:2023
F1306:2024
680504:2000
680504:2001
680504:2002
680504:2003
680504:2004
680504:2005
680504:2006
680504:2007
680504:2008
680504:2009
680504:2010
680504:2011
680504:2012
680504:2013
680504:2014
680504:2015
680504:2016
680504:2017
680504:2018
680504:2019
680504:2020
680504:2021
680504:2022
680504:2023
680504:2024
4061:2000
4061:2001
4061:2002
4061:2003
4061:2004
4061:2005
4061:2006
4061:2007
4061:2008
4061:2009
4061:2010
4061:2011
4061:2012
4061:2013
4061:2014
4061:2015
4061:2016
4061:2017
4061:2018
4061:2019
4061:2020
4061:2021
4061:2022
4061:2023
4061:2024
48127:2000
48127:2001
48127:2002
48127:2003
48127:2004
48127:2005
48127:2006
48127:2007
48127:2008
48127:2009
48127:2010
48127:2011
48127:2012
48127:2013
48127:2014
48127:2015
48127:2016
48127:2017
48127:2018
48127:2019
48127:2020
48127:2021
48127:2022
48127:2023
48127:2024
0503SO:2000
0503SO:2001
0503SO:2002
0503SO:2003
0503SO:2004
0503SO:2005
0503SO:2006
0503SO:2007
0503SO:2008
0503SO:2009
0503SO:2010
0503SO:2011
0503SO:2012
0503SO:2013
0503SO:2014
0503SO:2015
0503SO:2016
0503SO:2017
0503SO:2018
0503SO:2019
0503SO:2020
0503SO:2021
0503SO:2022
0503SO:2023
0503SO:2024
4022:2000
4022:2001
4022:2002
4022:2003
4022:2004
4022:2005
4022:2006
4022:2007
4022:2008
4022:2009
4022:2010
4022:2011
4022:2012
4022:2013
4022:2014
4022:2015
4022:2016
4022:2017
4022:2018
4022:2019
4022:2020
4022:2021
4022:2022
4022:2023
4022:2024
E22862:2000
E22862:2001
E22862:2002
E22862:2003
E22862:2004
E22862:2005
E22862:2006
E22862:2007
E22862:2008
E22862:2009
E22862:2010
E22862:2011
E22862:2012
E22862:2013
E22862:2014
E22862:2015
E22862:2016
E22862:2017
E22862:2018
E22862:2019
E22862:2020
E22862:2021
E22862:2022
E22862:2023
E22862:2024
5339TH:2000
5339TH:2001
5339TH:2002
5339TH:2003
5339TH:2004
5339TH:2005
5339TH:2006
5339TH:2007
5339TH:2008
5339TH:2009
5339TH:2010
5339TH:2011
5339TH:2012
5339TH:2013
5339TH:2014
5339TH:2015
5339TH:2016
5339TH:2017
5339TH:2018
5339TH:2019
5339TH:2020
5339TH:2021
5339TH:2022
5339TH:2023
5339TH:2024
693976:2000
693976:2001
693976:2002
693976:2003
693976:2004
693976:2005
693976:2006
693976:2007
693976:2008
693976:2009
693976:2010
693976:2011
693976:2012
693976:2013
693976:2014
693976:2015
693976:2016
693976:2017
693976:2018
693976:2019
693976:2020
693976:2021
693976:2022
693976:2023
693976:2024
4018:2000
4018:2001
4018:2002
4018:2003
4018:2004
4018:2005
4018:2006
4018:2007
4018:2008
4018:2009
4018:2010
4018:2011
4018:2012
4018:2013
4018:2014
4018:2015
4018:2016
4018:2017
4018:2018
4018:2019
4018:2020
4018:2021
4018:2022
4018:2023
4018:2024
44246:2000
44246:2001
44246:2002
44246:2003
44246:2004
44246:2005
44246:2006
44246:2007
44246:2008
44246:2009
44246:2010
44246:2011
44246:2012
44246:2013
44246:2014
44246:2015
44246:2016
44246:2017
44246:2018
44246:2019
44246:2020
44246:2021
44246:2022
44246:2023
44246:2024
E1750:2000
E1750:2001
E1750:2002
