[Backfill] Starting river level backfill 2000–2024
[OK]   F3606 2013 — 309 rows (246 inserted)
[OK]   F3606 2014 — 365 rows (296 inserted)
[OK]   F3606 2015 — 365 rows (295 inserted)
[OK]   F3606 2016 — 366 rows (287 inserted)
[OK]   F3606 2017 — 365 rows (278 inserted)
[OK]   F3606 2018 — 364 rows (280 inserted)
[OK]   F3606 2019 — 365 rows (289 inserted)
[OK]   F3606 2020 — 366 rows (296 inserted)
[OK]   F3606 2021 — 366 rows (309 inserted)
[OK]   F3606 2022 — 365 rows (302 inserted)
[OK]   F3606 2023 — 212 rows (168 inserted)
[OK]   F3606 2024 — 359 rows (280 inserted)
[OK]   F1301 2000 — 362 rows (292 inserted)
[OK]   F1301 2001 — 32 rows (25 inserted)
[SKIP] F1301 2002 — no data from EA or NRFA
[SKIP] F1301 2003 — no data from EA or NRFA
[SKIP] F1301 2004 — no data from EA or NRFA
[SKIP] F1301 2005 — no data from EA or NRFA
[SKIP] F1301 2006 — no data from EA or NRFA
[OK]   F1301 2007 — 360 rows (288 inserted)
[OK]   F1301 2008 — 367 rows (284 inserted)
[OK]   F1301 2009 — 364 rows (278 inserted)
[OK]   F1301 2010 — 364 rows (288 inserted)
[OK]   F1301 2011 — 365 rows (272 inserted)
[OK]   F1301 2012 — 367 rows (287 inserted)
[OK]   F1301 2013 — 360 rows (272 inserted)
[OK]   F1301 2014 — 366 rows (276 inserted)
[OK]   F1301 2015 — 364 rows (280 inserted)
[OK]   F1301 2016 — 367 rows (288 inserted)
[OK]   F1301 2017 — 364 rows (275 inserted)
[OK]   F1301 2018 — 365 rows (286 inserted)
[OK]   F1301 2019 — 365 rows (287 inserted)
[OK]   F1301 2020 — 366 rows (281 inserted)
[OK]   F1301 2021 — 365 rows (283 inserted)
[OK]   F1301 2022 — 339 rows (259 inserted)
[SKIP] F1301 2023 — no data from EA or NRFA
[OK]   F1301 2024 — 258 rows (196 inserted)
[OK]   2038 2000 — 365 rows (301 inserted)
[OK]   2038 2001 — 361 rows (313 inserted)
[OK]   2038 2002 — 362 rows (311 inserted)
[OK]   2038 2003 — 365 rows (318 inserted)
[OK]   2038 2004 — 367 rows (313 inserted)
[OK]   2038 2005 — 364 rows (311 inserted)
[OK]   2038 2006 — 365 rows (312 inserted)
[OK]   2038 2007 — 365 rows (315 inserted)
[OK]   2038 2008 — 366 rows (310 inserted)
[OK]   2038 2009 — 365 rows (308 inserted)
[OK]   2038 2010 — 365 rows (308 inserted)
[OK]   2038 2011 — 364 rows (302 inserted)
[OK]   2038 2012 — 367 rows (314 inserted)
[OK]   2038 2013 — 365 rows (318 inserted)
[OK]   2038 2014 — 364 rows (307 inserted)
[OK]   2038 2015 — 366 rows (310 inserted)
[OK]   2038 2016 — 366 rows (316 inserted)
[OK]   2038 2017 — 365 rows (308 inserted)
[OK]   2038 2018 — 365 rows (313 inserted)
[OK]   2038 2019 — 365 rows (308 inserted)
[OK]   2038 2020 — 366 rows (307 inserted)
[OK]   2038 2021 — 139 rows (121 inserted)
[SKIP] 2038 2022 — no data from EA or NRFA
[SKIP] 2038 2023 — no data from EA or NRFA
[SKIP] 2038 2024 — no data from EA or NRFA
[OK]   F1306 2000 — 19 rows (16 inserted)
[SKIP] F1306 2001 — no data from EA or NRFA
[SKIP] F1306 2002 — no data from EA or NRFA
[SKIP] F1306 2003 — no data from EA or NRFA
[SKIP] F1306 2004 — no data from EA or NRFA
[SKIP] F1306 2005 — no data from EA or NRFA
[SKIP] F1306 2006 — no data from EA or NRFA
[OK]   F1306 2007 — 335 rows (258 inserted)
[OK]   F1306 2008 — 361 rows (285 inserted)
[OK]   F1306 2009 — 365 rows (276 inserted)
[OK]   F1306 2010 — 365 rows (291 inserted)
[OK]   F1306 2011 — 365 rows (279 inserted)
[OK]   F1306 2012 — 366 rows (284 inserted)
[OK]   F1306 2013 — 365 rows (287 inserted)
[OK]   F1306 2014 — 366 rows (284 inserted)
[OK]   F1306 2015 — 364 rows (285 inserted)
[OK]   F1306 2016 — 367 rows (284 inserted)
[OK]   F1306 2017 — 365 rows (283 inserted)
[OK]   F1306 2018 — 364 rows (288 inserted)
[OK]   F1306 2019 — 328 rows (262 inserted)
[OK]   F1306 2020 — 366 rows (279 inserted)
[OK]   F1306 2021 — 365 rows (281 inserted)
[OK]   F1306 2022 — 363 rows (276 inserted)
[OK]   F1306 2023 — 362 rows (285 inserted)
[OK]   F1306 2024 — 357 rows (276 inserted)
[OK]   680504 2000 — 367 rows (286 inserted)
[OK]   680504 2001 — 364 rows (284 inserted)
[OK]   680504 2002 — 365 rows (285 inserted)
[OK]   680504 2003 — 366 rows (296 inserted)
[OK]   680504 2004 — 365 rows (293 inserted)
[OK]   680504 2005 — 365 rows (301 inserted)
[OK]   680504 2006 — 365 rows (290 inserted)
[OK]   680504 2007 — 365 rows (286 inserted)
[OK]   680504 2008 — 366 rows (290 inserted)
[OK]   680504 2009 — 269 rows (222 inserted)
[OK]   680504 2010 — 336 rows (266 inserted)
[OK]   680504 2011 — 209 rows (166 inserted)
[OK]   680504 2012 — 125 rows (100 inserted)
[OK]   680504 2013 — 292 rows (234 inserted)
[OK]   680504 2014 — 364 rows (287 inserted)
[OK]   680504 2015 — 227 rows (179 inserted)
[OK]   680504 2016 — 274 rows (225 inserted)
[OK]   680504 2017 — 365 rows (295 inserted)
[OK]   680504 2018 — 228 rows (193 inserted)
[OK]   680504 2019 — 212 rows (167 inserted)
[OK]   680504 2020 — 16 rows (13 inserted)
[OK]   680504 2021 — 326 rows (266 inserted)
[OK]   680504 2022 — 300 rows (242 inserted)
[OK]   680504 2023 — 362 rows (295 inserted)
[OK]   680504 2024 — 175 rows (144 inserted)
[OK]   4061 2000 — 365 rows (285 inserted)
[OK]   4061 2001 — 366 rows (301 inserted)
[OK]   4061 2002 — 356 rows (289 inserted)
[OK]   4061 2003 — 364 rows (308 inserted)
[OK]   4061 2004 — 367 rows (307 inserted)
[OK]   4061 2005 — 364 rows (301 inserted)
[OK]   4061 2006 — 366 rows (312 inserted)
[OK]   4061 2007 — 363 rows (315 inserted)
[OK]   4061 2008 — 267 rows (228 inserted)
[OK]   4061 2009 — 365 rows (307 inserted)
[OK]   4061 2010 — 359 rows (319 inserted)
[OK]   4061 2011 — 290 rows (251 inserted)
[OK]   4061 2012 — 307 rows (262 inserted)
[OK]   4061 2013 — 366 rows (306 inserted)
[OK]   4061 2014 — 364 rows (298 inserted)
[OK]   4061 2015 — 311 rows (262 inserted)
[OK]   4061 2016 — 365 rows (312 inserted)
[OK]   4061 2017 — 365 rows (318 inserted)
[OK]   4061 2018 — 366 rows (322 inserted)
[OK]   4061 2019 — 365 rows (309 inserted)
[OK]   4061 2020 — 366 rows (309 inserted)
[OK]   4061 2021 — 365 rows (321 inserted)
[OK]   4061 2022 — 364 rows (310 inserted)
[OK]   4061 2023 — 364 rows (306 inserted)
[OK]   4061 2024 — 363 rows (312 inserted)
[SKIP] 48127 2000 — no data from EA or NRFA
[SKIP] 48127 2001 — no data from EA or NRFA
[SKIP] 48127 2002 — no data from EA or NRFA
[SKIP] 48127 2003 — no data from EA or NRFA
[OK]   48127 2004 — 204 rows (158 inserted)
[OK]   48127 2005 — 365 rows (289 inserted)
[OK]   48127 2006 — 365 rows (272 inserted)
[OK]   48127 2007 — 365 rows (274 inserted)
[OK]   48127 2008 — 365 rows (279 inserted)
[OK]   48127 2009 — 365 rows (272 inserted)
[OK]   48127 2010 — 366 rows (296 inserted)
[OK]   48127 2011 — 365 rows (280 inserted)
[OK]   48127 2012 — 366 rows (276 inserted)
[OK]   48127 2013 — 364 rows (273 inserted)
[OK]   48127 2014 — 366 rows (264 inserted)
[OK]   48127 2015 — 364 rows (273 inserted)
[OK]   48127 2016 — 367 rows (273 inserted)
[OK]   48127 2017 — 364 rows (269 inserted)
[OK]   48127 2018 — 366 rows (273 inserted)
[OK]   48127 2019 — 364 rows (265 inserted)
[OK]   48127 2020 — 366 rows (269 inserted)
[OK]   48127 2021 — 277 rows (206 inserted)
[OK]   48127 2022 — 344 rows (256 inserted)
[OK]   48127 2023 — 357 rows (269 inserted)
[OK]   48127 2024 — 361 rows (269 inserted)
[OK]   0503SO 2000 — 377 rows (300 inserted)
[OK]   0503SO 2001 — 366 rows (311 inserted)
[OK]   0503SO 2002 — 365 rows (309 inserted)
[OK]   0503SO 2003 — 389 rows (308 inserted)
[OK]   0503SO 2004 — 367 rows (293 inserted)
[OK]   0503SO 2005 — 365 rows (308 inserted)
[OK]   0503SO 2006 — 365 rows (295 inserted)
[OK]   0503SO 2007 — 365 rows (309 inserted)
[OK]   0503SO 2008 — 365 rows (297 inserted)
[OK]   0503SO 2009 — 366 rows (292 inserted)
[OK]   0503SO 2010 — 364 rows (305 inserted)
[OK]   0503SO 2011 — 366 rows (306 inserted)
[OK]   0503SO 2012 — 365 rows (298 inserted)
[OK]   0503SO 2013 — 364 rows (302 inserted)
[OK]   0503SO 2014 — 363 rows (309 inserted)
[OK]   0503SO 2015 — 364 rows (298 inserted)
[OK]   0503SO 2016 — 366 rows (310 inserted)
[OK]   0503SO 2017 — 366 rows (307 inserted)
[OK]   0503SO 2018 — 365 rows (297 inserted)
[OK]   0503SO 2019 — 365 rows (296 inserted)[Backfill] Starting river level backfill 2000–2024
[OK]   5339TH 2015 — 365 rows (298 inserted)
[OK]   5339TH 2016 — 357 rows (290 inserted)
[OK]   5339TH 2017 — 365 rows (286 inserted)
[OK]   5339TH 2018 — 363 rows (284 inserted)
[OK]   5339TH 2019 — 365 rows (298 inserted)
[OK]   5339TH 2020 — 365 rows (289 inserted)
[OK]   5339TH 2021 — 366 rows (284 inserted)
[OK]   5339TH 2022 — 366 rows (291 inserted)
[OK]   5339TH 2023 — 241 rows (194 inserted)
[OK]   5339TH 2024 — 359 rows (275 inserted)
[OK]   693976 2000 — 365 rows (285 inserted)
[OK]   693976 2001 — 365 rows (275 inserted)
[OK]   693976 2002 — 356 rows (274 inserted)
[OK]   693976 2003 — 360 rows (281 inserted)
[OK]   693976 2004 — 349 rows (282 inserted)
[OK]   693976 2005 — 361 rows (278 inserted)
[OK]   693976 2006 — 302 rows (239 inserted)
[OK]   693976 2007 — 57 rows (46 inserted)
[OK]   693976 2008 — 138 rows (108 inserted)
[OK]   693976 2009 — 288 rows (224 inserted)
[OK]   693976 2010 — 364 rows (294 inserted)
[OK]   693976 2011 — 168 rows (134 inserted)
[OK]   693976 2012 — 364 rows (285 inserted)
[OK]   693976 2013 — 365 rows (283 inserted)
[OK]   693976 2014 — 364 rows (271 inserted)
[OK]   693976 2015 — 142 rows (119 inserted)
[SKIP] 693976 2016 — no data from EA or NRFA
[OK]   693976 2017 — 93 rows (72 inserted)
[OK]   693976 2018 — 364 rows (285 inserted)
[OK]   693976 2019 — 365 rows (270 inserted)
[Backfill] Starting river level backfill 2000–2024
[OK]   693976 2020 — 365 rows (279 inserted)
[OK]   693976 2021 — 365 rows (286 inserted)
[OK]   693976 2022 — 315 rows (219 inserted)
[OK]   693976 2023 — 354 rows (281 inserted)
[OK]   693976 2024 — 363 rows (292 inserted)
[OK]   4018 2000 — 367 rows (300 inserted)
[OK]   4018 2001 — 364 rows (298 inserted)
[OK]   4018 2002 — 357 rows (287 inserted)
[OK]   4018 2003 — 365 rows (294 inserted)
[OK]   4018 2004 — 182 rows (147 inserted)
[OK]   4018 2005 — 365 rows (292 inserted)
[OK]   4018 2006 — 365 rows (291 inserted)
[OK]   4018 2007 — 365 rows (296 inserted)
[OK]   4018 2008 — 366 rows (293 inserted)
[OK]   4018 2009 — 365 rows (289 inserted)
[OK]   4018 2010 — 365 rows (286 inserted)
[OK]   4018 2011 — 365 rows (288 inserted)
[OK]   4018 2012 — 367 rows (292 inserted)
[OK]   4018 2013 — 343 rows (279 inserted)
[OK]   4018 2014 — 365 rows (290 inserted)
[Backfill] Starting river level backfill 2000–2024
[Backfill] Loaded 2637 stations from cache
[OK]   4018 2015 — 364 rows (292 inserted)
[OK]   4018 2016 — 345 rows (278 inserted)
[OK]   4018 2017 — 364 rows (283 inserted)
[OK]   4018 2018 — 365 rows (286 inserted)
[OK]   4018 2019 — 365 rows (284 inserted)
[OK]   4018 2020 — 366 rows (282 inserted)
[OK]   4018 2021 — 365 rows (296 inserted)
[OK]   4018 2022 — 366 rows (298 inserted)
[OK]   4018 2023 — 362 rows (281 inserted)
[OK]   4018 2024 — 359 rows (285 inserted)
[OK]   44246 2000 — 340 rows (308 inserted)
[OK]   44246 2001 — 362 rows (311 inserted)
[OK]   44246 2002 — 340 rows (321 inserted)
[OK]   44246 2003 — 262 rows (201 inserted)
[OK]   44246 2004 — 179 rows (164 inserted)
[OK]   44246 2005 — 354 rows (332 inserted)
[OK]   44246 2006 — 316 rows (303 inserted)
[OK]   44246 2007 — 300 rows (250 inserted)
[OK]   44246 2008 — 320 rows (261 inserted)
[OK]   44246 2009 — 283 rows (219 inserted)
[OK]   44246 2010 — 364 rows (289 inserted)
[OK]   44246 2011 — 365 rows (303 inserted)
Traceback (most recent call last):
  File "C:\Users\Owner\FloodsUK_v2\src\backfill\backfill_runner.py", line 157, in run_river_backfill
    n = _insert_river_levels(cur, rows)
        ^^^^^^^^^^^^^^^^^^^^^^^^^^^^^^^
  File "C:\Users\Owner\FloodsUK_v2\src\backfill\backfill_runner.py", line 63, in _insert_river_levels
    cursor.executemany("""
psycopg2.OperationalError: server closed the connection unexpectedly
	This probably means the server terminated abnormally
	before or while processing the request.
server closed the connection unexpectedly
	This probably means the server terminated abnormally
	before or while processing the request.


During handling of the above exception, another exception occurred:

Traceback (most recent call last):
  File "C:\Users\Owner\FloodsUK_v2\flood_monitor.py", line 228, in <module>
    main()
  File "C:\Users\Owner\FloodsUK_v2\flood_monitor.py", line 220, in main
    run_river_backfill(start_year=args.start_year, end_year=args.end_year)
  File "C:\Users\Owner\FloodsUK_v2\src\backfill\backfill_runner.py", line 168, in run_river_backfill
    conn.rollback()
psycopg2.InterfaceError: connection already closed
[Backfill] Starting river level backfill 2000–2024
[Backfill] Loaded 2637 stations from cache
[OK]   44246 2012 — 367 rows (289 inserted)
[OK]   44246 2013 — 365 rows (280 inserted)
[OK]   44246 2014 — 364 rows (293 inserted)
[OK]   44246 2015 — 364 rows (298 inserted)
[OK]   44246 2016 — 303 rows (253 inserted)
[OK]   44246 2017 — 365 rows (292 inserted)
[OK]   44246 2018 — 352 rows (295 inserted)
[OK]   44246 2019 — 265 rows (230 inserted)
[OK]   44246 2020 — 366 rows (332 inserted)
[OK]   44246 2021 — 356 rows (307 inserted)
[OK]   44246 2022 — 365 rows (315 inserted)
[OK]   44246 2023 — 364 rows (303 inserted)
[OK]   44246 2024 — 266 rows (231 inserted)
[OK]   E1750 2000 — 297 rows (248 inserted)
[OK]   E1750 2001 — 335 rows (289 inserted)
[OK]   E1750 2002 — 336 rows (288 inserted)
